0 info it worked if it ends with ok
1 verbose cli [ 'node', '/usr/local/bin/npm', 'install', '-g', 'ember-cli' ]
2 info using npm@2.7.4
3 info using node@v0.12.2
4 silly cache add args [ 'ember-cli', null ]
5 verbose cache add spec ember-cli
6 silly cache add parsed spec { raw: 'ember-cli',
6 silly cache add   scope: null,
6 silly cache add   name: 'ember-cli',
6 silly cache add   rawSpec: '',
6 silly cache add   spec: '*',
6 silly cache add   type: 'range' }
7 verbose addNamed ember-cli@*
8 silly addNamed semver.valid null
9 silly addNamed semver.validRange *
10 silly addNameRange { name: 'ember-cli', range: '*', hasData: false }
11 silly mapToRegistry name ember-cli
12 silly mapToRegistry using default registry
13 silly mapToRegistry registry https://registry.npmjs.org/
14 silly mapToRegistry uri https://registry.npmjs.org/ember-cli
15 verbose addNameRange registry:https://registry.npmjs.org/ember-cli not in flight; fetching
16 verbose request uri https://registry.npmjs.org/ember-cli
17 verbose request no auth needed
18 info attempt registry request try #1 at 12:46:37 PM
19 verbose request id 3bd35f46001209dc
20 http request GET https://registry.npmjs.org/ember-cli
21 http 200 https://registry.npmjs.org/ember-cli
22 silly get cb [ 200,
22 silly get   { date: 'Thu, 09 Apr 2015 17:46:37 GMT',
22 silly get     server: 'CouchDB/1.5.0 (Erlang OTP/R16B03)',
22 silly get     etag: '"2I3BIV5J7XWWELBJ38ZKUPMZS"',
22 silly get     'content-type': 'application/json',
22 silly get     'cache-control': 'max-age=60',
22 silly get     'content-length': '194386',
22 silly get     'accept-ranges': 'bytes',
22 silly get     via: '1.1 varnish',
22 silly get     age: '0',
22 silly get     'x-served-by': 'cache-dfw1826-DFW',
22 silly get     'x-cache': 'HIT',
22 silly get     'x-cache-hits': '1',
22 silly get     'x-timer': 'S1428601597.801123,VS0,VE187',
22 silly get     vary: 'Accept',
22 silly get     'keep-alive': 'timeout=10, max=50',
22 silly get     connection: 'Keep-Alive' } ]
23 verbose get saving ember-cli to /Users/paulz/.npm/registry.npmjs.org/ember-cli/.cache.json
24 verbose getCacheStat cache creation not in flight; initializing
25 silly addNameRange number 2 { name: 'ember-cli', range: '*', hasData: true }
26 silly addNameRange versions [ 'ember-cli',
26 silly addNameRange   [ '0.0.0',
26 silly addNameRange     '0.0.1',
26 silly addNameRange     '0.0.2',
26 silly addNameRange     '0.0.3',
26 silly addNameRange     '0.0.4',
26 silly addNameRange     '0.0.5',
26 silly addNameRange     '0.0.6',
26 silly addNameRange     '0.0.7',
26 silly addNameRange     '0.0.8',
26 silly addNameRange     '0.0.9',
26 silly addNameRange     '0.0.10',
26 silly addNameRange     '0.0.11',
26 silly addNameRange     '0.0.12',
26 silly addNameRange     '0.0.13',
26 silly addNameRange     '0.0.14',
26 silly addNameRange     '0.0.15',
26 silly addNameRange     '0.0.16',
26 silly addNameRange     '0.0.18',
26 silly addNameRange     '0.0.19',
26 silly addNameRange     '0.0.20',
26 silly addNameRange     '0.0.21',
26 silly addNameRange     '0.0.22',
26 silly addNameRange     '0.0.23',
26 silly addNameRange     '0.0.24',
26 silly addNameRange     '0.0.25',
26 silly addNameRange     '0.0.27',
26 silly addNameRange     '0.0.28',
26 silly addNameRange     '0.0.29',
26 silly addNameRange     '0.0.32',
26 silly addNameRange     '0.0.33',
26 silly addNameRange     '0.0.34',
26 silly addNameRange     '0.0.35',
26 silly addNameRange     '0.0.36',
26 silly addNameRange     '0.0.37',
26 silly addNameRange     '0.0.38',
26 silly addNameRange     '0.0.39',
26 silly addNameRange     '0.0.40',
26 silly addNameRange     '0.0.41',
26 silly addNameRange     '0.0.42',
26 silly addNameRange     '0.0.43',
26 silly addNameRange     '0.0.44',
26 silly addNameRange     '0.0.45',
26 silly addNameRange     '0.0.46',
26 silly addNameRange     '0.0.47',
26 silly addNameRange     '0.1.0',
26 silly addNameRange     '0.1.1',
26 silly addNameRange     '0.1.2',
26 silly addNameRange     '0.1.3',
26 silly addNameRange     '0.1.4',
26 silly addNameRange     '0.1.5',
26 silly addNameRange     '0.1.6',
26 silly addNameRange     '0.1.7',
26 silly addNameRange     '0.1.8',
26 silly addNameRange     '0.1.9',
26 silly addNameRange     '0.1.10',
26 silly addNameRange     '0.1.11',
26 silly addNameRange     '0.1.12',
26 silly addNameRange     '0.1.13',
26 silly addNameRange     '0.1.14',
26 silly addNameRange     '0.1.15',
26 silly addNameRange     '0.2.0-beta.1',
26 silly addNameRange     '0.2.0',
26 silly addNameRange     '0.2.1',
26 silly addNameRange     '0.2.2',
26 silly addNameRange     '0.2.3' ] ]
27 verbose addNamed ember-cli@0.2.3
28 silly addNamed semver.valid 0.2.3
29 silly addNamed semver.validRange 0.2.3
30 silly mapToRegistry name ember-cli
31 silly mapToRegistry using default registry
32 silly mapToRegistry registry https://registry.npmjs.org/
33 silly mapToRegistry uri https://registry.npmjs.org/ember-cli
34 verbose addRemoteTarball https://registry.npmjs.org/ember-cli/-/ember-cli-0.2.3.tgz not in flight; adding
35 verbose addRemoteTarball [ 'https://registry.npmjs.org/ember-cli/-/ember-cli-0.2.3.tgz',
35 verbose addRemoteTarball   '962816b77a343fd7705d38a5e51fb43247eef6b8' ]
36 info retry fetch attempt 1 at 12:46:38 PM
37 info attempt registry request try #1 at 12:46:38 PM
38 http fetch GET https://registry.npmjs.org/ember-cli/-/ember-cli-0.2.3.tgz
39 http fetch 200 https://registry.npmjs.org/ember-cli/-/ember-cli-0.2.3.tgz
40 silly fetchAndShaCheck shasum 962816b77a343fd7705d38a5e51fb43247eef6b8
41 verbose addTmpTarball /var/folders/xx/drctnl416tlbsw9_1z3m3r8m0000gn/T/npm-779-1a22d7fa/registry.npmjs.org/ember-cli/-/ember-cli-0.2.3.tgz not in flight; adding
42 verbose addTmpTarball already have metadata; skipping unpack for ember-cli@0.2.3
43 silly cache afterAdd ember-cli@0.2.3
44 verbose afterAdd /Users/paulz/.npm/ember-cli/0.2.3/package/package.json not in flight; writing
45 verbose afterAdd /Users/paulz/.npm/ember-cli/0.2.3/package/package.json written
46 silly install resolved [ { name: 'ember-cli',
46 silly install resolved     version: '0.2.3',
46 silly install resolved     main: 'lib/cli/index.js',
46 silly install resolved     description: 'Command line tool for developing ambitious ember.js apps',
46 silly install resolved     trackingCode: 'UA-49225444-1',
46 silly install resolved     bin: { ember: './bin/ember' },
46 silly install resolved     scripts:
46 silly install resolved      { docs: 'node bin/generate-docs.js',
46 silly install resolved        test: 'node tests/runner',
46 silly install resolved        'test:debug': 'node debug tests/runner',
46 silly install resolved        'test-all': 'node tests/runner all',
46 silly install resolved        'test-all:debug': 'node debug tests/runner all',
46 silly install resolved        'test-all:cover': 'istanbul cover tests/runner.js all' },
46 silly install resolved     repository:
46 silly install resolved      { type: 'git',
46 silly install resolved        url: 'https://github.com/ember-cli/ember-cli.git' },
46 silly install resolved     engines: { node: '>= 0.10.0' },
46 silly install resolved     keywords:
46 silly install resolved      [ 'ember.js',
46 silly install resolved        'ember',
46 silly install resolved        'cli',
46 silly install resolved        'app',
46 silly install resolved        'kit',
46 silly install resolved        'app-kit',
46 silly install resolved        'ember-app-kit' ],
46 silly install resolved     author: { name: 'Stefan Penner, Robert Jackson and ember-cli contributors' },
46 silly install resolved     license: 'MIT',
46 silly install resolved     bugs: { url: 'https://github.com/ember-cli/ember-cli/issues' },
46 silly install resolved     dependencies:
46 silly install resolved      { abbrev: '^1.0.5',
46 silly install resolved        bower: '^1.3.12',
46 silly install resolved        'bower-config': '0.5.2',
46 silly install resolved        broccoli: '0.15.3',
46 silly install resolved        'broccoli-caching-writer': '0.5.5',
46 silly install resolved        'broccoli-clean-css': '0.2.0',
46 silly install resolved        'broccoli-es3-safe-recast': '^2.0.0',
46 silly install resolved        'broccoli-es6modules': '^0.5.1',
46 silly install resolved        'broccoli-filter': '0.1.12',
46 silly install resolved        'broccoli-funnel': '0.2.2',
46 silly install resolved        'broccoli-kitchen-sink-helpers': '0.2.6',
46 silly install resolved        'broccoli-merge-trees': '0.2.1',
46 silly install resolved        'broccoli-sane-watcher': '^1.0.1',
46 silly install resolved        'broccoli-sourcemap-concat': '^0.4.3',
46 silly install resolved        'broccoli-unwatched-tree': '0.1.1',
46 silly install resolved        'broccoli-writer': '0.1.1',
46 silly install resolved        chalk: '1.0.0',
46 silly install resolved        'concat-stream': '^1.4.7',
46 silly install resolved        configstore: '0.3.2',
46 silly install resolved        'core-object': '0.0.2',
46 silly install resolved        debug: '^2.1.3',
46 silly install resolved        diff: '^1.3.1',
46 silly install resolved        'ember-cli-copy-dereference': '^1.0.0',
46 silly install resolved        'ember-router-generator': '^0.3.2',
46 silly install resolved        exit: '^0.1.2',
46 silly install resolved        express: '^4.12.3',
46 silly install resolved        findup: '0.1.5',
46 silly install resolved        'fs-extra': '0.16.5',
46 silly install resolved        'git-repo-info': '^1.0.4',
46 silly install resolved        glob: '5.0.3',
46 silly install resolved        'http-proxy': '^1.9.0',
46 silly install resolved        inflection: '^1.7.0',
46 silly install resolved        inquirer: '0.5.1',
46 silly install resolved        'is-git-url': '^0.2.0',
46 silly install resolved        'js-string-escape': '^1.0.0',
46 silly install resolved        leek: '0.0.18',
46 silly install resolved        lodash: '^3.6.0',
46 silly install resolved        'markdown-it': '4.0.3',
46 silly install resolved        'markdown-it-terminal': '0.0.2',
46 silly install resolved        minimatch: '^2.0.4',
46 silly install resolved        morgan: '^1.5.2',
46 silly install resolved        'node-uuid': '^1.4.3',
46 silly install resolved        nopt: '^3.0.1',
46 silly install resolved        npm: '^2.7.6',
46 silly install resolved        'pleasant-progress': '^1.0.2',
46 silly install resolved        'promise-map-series': '^0.2.1',
46 silly install resolved        'proxy-middleware': '0.11.0',
46 silly install resolved        'quick-temp': '0.1.2',
46 silly install resolved        readline2: '0.1.1',
46 silly install resolved        resolve: '^1.1.6',
46 silly install resolved        rimraf: '2.3.2',
46 silly install resolved        rsvp: '^3.0.17',
46 silly install resolved        sane: '^1.0.1',
46 silly install resolved        semver: '^4.3.3',
46 silly install resolved        'strip-ansi': '^2.0.1',
46 silly install resolved        'symlink-or-copy': '^1.0.1',
46 silly install resolved        temp: '0.8.1',
46 silly install resolved        testem: '^0.8.0-0',
46 silly install resolved        through: '^2.3.6',
46 silly install resolved        'tiny-lr': '0.1.5',
46 silly install resolved        'walk-sync': '0.1.3',
46 silly install resolved        yam: '0.0.18' },
46 silly install resolved     devDependencies:
46 silly install resolved      { chai: '^2.1.2',
46 silly install resolved        'chai-as-promised': '^4.3.0',
46 silly install resolved        'codeclimate-test-reporter': '0.0.4',
46 silly install resolved        'ember-cli-ncp': '1.0.2',
46 silly install resolved        github: '^0.2.3',
46 silly install resolved        istanbul: '^0.3.13',
46 silly install resolved        mocha: '^2.2.1',
46 silly install resolved        'mocha-jshint': '1.0.0',
46 silly install resolved        multiline: '^1.0.2',
46 silly install resolved        nock: '^1.2.1',
46 silly install resolved        'node-require-timings': '0.0.2',
46 silly install resolved        supertest: '0.15.0',
46 silly install resolved        'tmp-sync': '^1.0.1',
46 silly install resolved        yuidocjs: '0.6.0' },
46 silly install resolved     homepage: 'https://github.com/ember-cli/ember-cli',
46 silly install resolved     bundleDependencies:
46 silly install resolved      [ 'bower',
46 silly install resolved        'bower-config',
46 silly install resolved        'broccoli',
46 silly install resolved        'broccoli-clean-css',
46 silly install resolved        'chalk',
46 silly install resolved        'concat-stream',
46 silly install resolved        'configstore',
46 silly install resolved        'diff',
46 silly install resolved        'express',
46 silly install resolved        'findup',
46 silly install resolved        'fs-extra',
46 silly install resolved        'git-repo-info',
46 silly install resolved        'glob',
46 silly install resolved        'inflection',
46 silly install resolved        'inquirer',
46 silly install resolved        'leek',
46 silly install resolved        'lodash',
46 silly install resolved        'minimatch',
46 silly install resolved        'morgan',
46 silly install resolved        'node-uuid',
46 silly install resolved        'nopt',
46 silly install resolved        'npm',
46 silly install resolved        'proxy-middleware',
46 silly install resolved        'quick-temp',
46 silly install resolved        'readline2',
46 silly install resolved        'resolve',
46 silly install resolved        'through',
46 silly install resolved        'tiny-lr' ],
46 silly install resolved     _id: 'ember-cli@0.2.3',
46 silly install resolved     _shasum: '962816b77a343fd7705d38a5e51fb43247eef6b8',
46 silly install resolved     _resolved: 'https://registry.npmjs.org/ember-cli/-/ember-cli-0.2.3.tgz',
46 silly install resolved     _from: 'ember-cli@*',
46 silly install resolved     _npmVersion: '2.7.4',
46 silly install resolved     _nodeVersion: '0.12.2',
46 silly install resolved     _npmUser: { name: 'stefanpenner', email: 'stefan.penner@gmail.com' },
46 silly install resolved     maintainers:
46 silly install resolved      [ [Object],
46 silly install resolved        [Object],
46 silly install resolved        [Object],
46 silly install resolved        [Object],
46 silly install resolved        [Object],
46 silly install resolved        [Object],
46 silly install resolved        [Object],
46 silly install resolved        [Object],
46 silly install resolved        [Object] ],
46 silly install resolved     dist:
46 silly install resolved      { shasum: '962816b77a343fd7705d38a5e51fb43247eef6b8',
46 silly install resolved        tarball: 'http://registry.npmjs.org/ember-cli/-/ember-cli-0.2.3.tgz' },
46 silly install resolved     directories: {} } ]
47 info install ember-cli@0.2.3 into /usr/local/lib
48 info installOne ember-cli@0.2.3
49 verbose installOne of ember-cli to /usr/local/lib not in flight; installing
50 verbose lock using /Users/paulz/.npm/_locks/ember-cli-e1d4144f4f001fb2.lock for /usr/local/lib/node_modules/ember-cli
51 silly install write writing ember-cli 0.2.3 to /usr/local/lib/node_modules/ember-cli
52 silly cache addNamed cb ember-cli@0.2.3
53 verbose unbuild lib/node_modules/ember-cli
54 silly gentlyRm /usr/local/lib/node_modules/ember-cli is being purged from base /usr/local
55 verbose gentlyRm don't care about contents; nuking /usr/local/lib/node_modules/ember-cli
56 verbose tar unpack /Users/paulz/.npm/ember-cli/0.2.3/package.tgz
57 verbose tar unpacking to /usr/local/lib/node_modules/ember-cli
58 silly gentlyRm /usr/local/lib/node_modules/ember-cli is being purged
59 verbose gentlyRm don't care about contents; nuking /usr/local/lib/node_modules/ember-cli
60 silly gunzTarPerm modes [ '755', '644' ]
61 error tar.unpack untar error /Users/paulz/.npm/ember-cli/0.2.3/package.tgz
62 verbose unlock done using /Users/paulz/.npm/_locks/ember-cli-e1d4144f4f001fb2.lock for /usr/local/lib/node_modules/ember-cli
63 verbose fstream_path /usr/local/lib/node_modules/ember-cli
64 verbose fstream_type Directory
65 verbose fstream_class DirWriter
66 verbose stack Error: EACCES, mkdir '/usr/local/lib/node_modules/ember-cli'
66 verbose stack     at Error (native)
67 verbose fstream_stack /usr/local/lib/node_modules/npm/node_modules/fstream/lib/dir-writer.js:36:23
67 verbose fstream_stack /usr/local/lib/node_modules/npm/node_modules/mkdirp/index.js:46:53
67 verbose fstream_stack FSReqWrap.oncomplete (fs.js:95:15)
68 verbose cwd /Users/paulz/Documents/Projects/swmty
69 error Darwin 14.0.0
70 error argv "node" "/usr/local/bin/npm" "install" "-g" "ember-cli"
71 error node v0.12.2
72 error npm  v2.7.4
73 error path /usr/local/lib/node_modules/ember-cli
74 error code EACCES
75 error errno -13
76 error Error: EACCES, mkdir '/usr/local/lib/node_modules/ember-cli'
76 error     at Error (native)
76 error  { [Error: EACCES, mkdir '/usr/local/lib/node_modules/ember-cli']
76 error   errno: -13,
76 error   code: 'EACCES',
76 error   path: '/usr/local/lib/node_modules/ember-cli',
76 error   fstream_type: 'Directory',
76 error   fstream_path: '/usr/local/lib/node_modules/ember-cli',
76 error   fstream_class: 'DirWriter',
76 error   fstream_stack:
76 error    [ '/usr/local/lib/node_modules/npm/node_modules/fstream/lib/dir-writer.js:36:23',
76 error      '/usr/local/lib/node_modules/npm/node_modules/mkdirp/index.js:46:53',
76 error      'FSReqWrap.oncomplete (fs.js:95:15)' ] }
77 error Please try running this command again as root/Administrator.
78 verbose exit [ -13, true ]
79 verbose unbuild lib/node_modules/ember-cli
80 silly gentlyRm /usr/local/lib/node_modules/ember-cli is being purged from base /usr/local
81 verbose gentlyRm don't care about contents; nuking /usr/local/lib/node_modules/ember-cli
